<?xml version="1.0" encoding="UTF-8"?>
<!-- Generated by org.testng.reporters.JUnitReportReporter -->
<testsuite hostname="DESKTOP-R32PHDN" failures="0" tests="4" name="apr03.SecndTestNGclass" time="37.053" errors="0" timestamp="2024-04-09T13:56:43 IST" skipped="1">
  <testcase classname="apr03.SecndTestNGclass" name="user" time="7.631"/>
  <system-out>
    <![CDATA[Executing user]]>
  </system-out>
  <testcase classname="apr03.SecndTestNGclass" name="role" time="15.170"/>
  <system-out>
    <![CDATA[Executing role]]>
  </system-out>
  <testcase classname="apr03.SecndTestNGclass" name="branch" time="14.252"/>
  <system-out>
    <![CDATA[Executing Branch]]>
  </system-out>
  <testcase classname="apr03.SecndTestNGclass" name="empolyee">
    <skipped/>
  </testcase> <!-- empolyee -->
  <system-out/>
</testsuite> <!-- apr03.SecndTestNGclass -->
