<?xml version="1.0" encoding="UTF-8"?>
<!-- Generated by org.testng.reporters.JUnitReportReporter -->
<testsuite hostname="DESKTOP-R32PHDN" failures="0" tests="5" name="apr04.Web_TestNG" time="4.737" errors="0" timestamp="2024-04-04T16:10:49 IST" skipped="0">
  <testcase classname="apr04.Web_TestNG" name="verification" time="2.037"/>
  <system-out>
    <![CDATA[login pass]]>
  </system-out>
  <testcase classname="apr04.Web_TestNG" name="verification" time="0.730"/>
  <system-out>
    <![CDATA[login fail]]>
  </system-out>
  <testcase classname="apr04.Web_TestNG" name="verification" time="0.865"/>
  <system-out>
    <![CDATA[login pass]]>
  </system-out>
  <testcase classname="apr04.Web_TestNG" name="verification" time="0.669"/>
  <system-out>
    <![CDATA[login fail]]>
  </system-out>
  <testcase classname="apr04.Web_TestNG" name="verification" time="0.436"/>
  <system-out>
    <![CDATA[login fail]]>
  </system-out>
</testsuite> <!-- apr04.Web_TestNG -->
