<?xml version="1.0" encoding="UTF-8"?>
<!-- Generated by org.testng.reporters.JUnitReportReporter -->
<testsuite hostname="DESKTOP-R32PHDN" failures="0" tests="10" name="apr05.CrossBrowser" time="9.964" errors="0" timestamp="2024-04-14T18:39:50 IST" skipped="0">
  <testcase classname="apr05.CrossBrowser" name="verification" time="0.903"/>
  <system-out>
    <![CDATA[login fail]]>
  </system-out>
  <testcase classname="apr05.CrossBrowser" name="verification" time="0.662"/>
  <system-out>
    <![CDATA[login fail]]>
  </system-out>
  <testcase classname="apr05.CrossBrowser" name="verification" time="2.466"/>
  <system-out>
    <![CDATA[login pass]]>
  </system-out>
  <testcase classname="apr05.CrossBrowser" name="verification" time="0.468"/>
  <system-out>
    <![CDATA[login fail]]>
  </system-out>
  <testcase classname="apr05.CrossBrowser" name="verification" time="1.708"/>
  <system-out>
    <![CDATA[login pass]]>
  </system-out>
  <testcase classname="apr05.CrossBrowser" name="verification" time="0.849"/>
  <system-out>
    <![CDATA[login fail]]>
  </system-out>
  <testcase classname="apr05.CrossBrowser" name="verification" time="0.418"/>
  <system-out>
    <![CDATA[login fail]]>
  </system-out>
  <testcase classname="apr05.CrossBrowser" name="verification" time="0.859"/>
  <system-out>
    <![CDATA[login pass]]>
  </system-out>
  <testcase classname="apr05.CrossBrowser" name="verification" time="0.719"/>
  <system-out>
    <![CDATA[login fail]]>
  </system-out>
  <testcase classname="apr05.CrossBrowser" name="verification" time="0.912"/>
  <system-out>
    <![CDATA[login pass]]>
  </system-out>
</testsuite> <!-- apr05.CrossBrowser -->
