<?xml version="1.0" encoding="UTF-8"?>
<!-- Generated by org.testng.reporters.JUnitReportReporter -->
<testsuite hostname="DESKTOP-R32PHDN" failures="0" tests="4" name="primusBank.AdminLogin" time="4.351" errors="0" timestamp="2024-04-15T11:36:39 IST" skipped="0">
  <testcase classname="primusBank.AdminLogin" name="verification" time="2.465"/>
  <system-out>
    <![CDATA[login pass]]>
  </system-out>
  <testcase classname="primusBank.AdminLogin" name="verification" time="0.567"/>
  <system-out>
    <![CDATA[login fail]]>
  </system-out>
  <testcase classname="primusBank.AdminLogin" name="verification" time="0.574"/>
  <system-out>
    <![CDATA[login fail]]>
  </system-out>
  <testcase classname="primusBank.AdminLogin" name="verification" time="0.745"/>
  <system-out>
    <![CDATA[login pass]]>
  </system-out>
</testsuite> <!-- primusBank.AdminLogin -->
