<?xml version="1.0" encoding="UTF-8"?>
<!-- Generated by org.testng.reporters.JUnitReportReporter -->
<testsuite hostname="DESKTOP-R32PHDN" failures="0" tests="6" name="primusBank.AdminHomepage" time="10.972" errors="0" timestamp="2024-04-14T22:34:33 IST" skipped="1">
  <testcase classname="primusBank.AdminHomepage" name="branch" time="0.659"/>
  <system-out>
    <![CDATA[System displays Branchs details]]>
  </system-out>
  <testcase classname="primusBank.AdminHomepage" name="employee" time="2.640"/>
  <system-out>
    <![CDATA[System displays Employee details ]]>
  </system-out>
  <testcase classname="primusBank.AdminHomepage" name="role" time="2.668"/>
  <system-out>
    <![CDATA[System displays Role details ]]>
  </system-out>
  <testcase classname="primusBank.AdminHomepage" name="users" time="2.595"/>
  <system-out>
    <![CDATA[System displays Users details ]]>
  </system-out>
  <testcase classname="primusBank.AdminHomepage" name="logout" time="2.410"/>
  <system-out>
    <![CDATA[System should logout adminhmepage nd displays primus bank home page. ]]>
  </system-out>
  <testcase classname="primusBank.AdminHomepage" name="changepass">
    <skipped/>
  </testcase> <!-- changepass -->
  <system-out/>
</testsuite> <!-- primusBank.AdminHomepage -->
