<?xml version="1.0" encoding="UTF-8"?>
<!-- Generated by org.testng.reporters.JUnitReportReporter -->
<testsuite hostname="DESKTOP-R32PHDN" failures="0" tests="10" name="primusBank.PrimusHomepage" time="6.053" errors="0" timestamp="2024-04-14T22:34:33 IST" skipped="0">
  <testcase classname="primusBank.PrimusHomepage" name="pbanking" time="0.829"/>
  <system-out>
    <![CDATA[System displays information about Personal Banking]]>
  </system-out>
  <testcase classname="primusBank.PrimusHomepage" name="ibanking" time="0.545"/>
  <system-out>
    <![CDATA[System displays information about Internet Banking]]>
  </system-out>
  <testcase classname="primusBank.PrimusHomepage" name="cbanking" time="0.725"/>
  <system-out>
    <![CDATA[System displays information about Corporate Banking]]>
  </system-out>
  <testcase classname="primusBank.PrimusHomepage" name="aboutus" time="0.876"/>
  <system-out>
    <![CDATA[System displays information aboutus PrimusBank ]]>
  </system-out>
  <testcase classname="primusBank.PrimusHomepage" name="CustomerServices" time="0.713"/>
  <system-out>
    <![CDATA[System displays Customer Service information of Primus Bank]]>
  </system-out>
  <testcase classname="primusBank.PrimusHomepage" name="FAQ" time="0.457"/>
  <system-out>
    <![CDATA[System displays FAQ's for internet banking FAQ's]]>
  </system-out>
  <testcase classname="primusBank.PrimusHomepage" name="privacy" time="0.489"/>
  <system-out>
    <![CDATA[System display privacy commitment of primus Bank]]>
  </system-out>
  <testcase classname="primusBank.PrimusHomepage" name="termsndconditions" time="0.523"/>
  <system-out>
    <![CDATA[System display terms nd condition of Internet Banking]]>
  </system-out>
  <testcase classname="primusBank.PrimusHomepage" name="disclaimer" time="0.484"/>
  <system-out>
    <![CDATA[System displays notice and copyright of this site]]>
  </system-out>
  <testcase classname="primusBank.PrimusHomepage" name="sitemap" time="0.412"/>
  <system-out>
    <![CDATA[System displays Site map of primus bank]]>
  </system-out>
</testsuite> <!-- primusBank.PrimusHomepage -->
