<?xml version="1.0" encoding="UTF-8"?>
<!-- Generated by org.testng.reporters.JUnitReportReporter -->
<testsuite hostname="DESKTOP-R32PHDN" failures="0" tests="3" name="apr02.Firstclass" time="0.011" errors="0" timestamp="2024-04-03T09:22:27 IST" skipped="0">
  <testcase classname="apr02.Firstclass" name="reply" time="0.001"/>
  <system-out>
    <![CDATA[execption in reply]]>
  </system-out>
  <testcase classname="apr02.Firstclass" name="login" time="0.002"/>
  <system-out>
    <![CDATA[execption in login]]>
  </system-out>
  <testcase classname="apr02.Firstclass" name="compose" time="0.008"/>
  <system-out>
    <![CDATA[execption in compose]]>
  </system-out>
</testsuite> <!-- apr02.Firstclass -->
