<?xml version="1.0" encoding="UTF-8"?>
<!-- Generated by org.testng.reporters.JUnitReportReporter -->
<testsuite hostname="DESKTOP-R32PHDN" failures="0" tests="1" name="apr18.Acessproporties" time="3.813" errors="0" timestamp="2024-04-18T22:12:28 IST" skipped="0">
  <testcase classname="apr18.Acessproporties" name="test" time="3.813"/>
  <system-out/>
</testsuite> <!-- apr18.Acessproporties -->
