<?xml version="1.0" encoding="UTF-8"?>
<!-- Generated by org.testng.reporters.JUnitReportReporter -->
<testsuite hostname="DESKTOP-R32PHDN" failures="0" tests="3" name="apr03.FrstTestNGclass" time="2.806" errors="0" timestamp="2024-04-09T13:56:43 IST" skipped="1">
  <testcase classname="apr03.FrstTestNGclass" name="ibanking" time="0.771"/>
  <system-out>
    <![CDATA[Execting ibanking Text]]>
  </system-out>
  <testcase classname="apr03.FrstTestNGclass" name="pbanking" time="2.035"/>
  <system-out>
    <![CDATA[Execting pbanking Text]]>
  </system-out>
  <testcase classname="apr03.FrstTestNGclass" name="cbanking">
    <skipped/>
  </testcase> <!-- cbanking -->
  <system-out/>
</testsuite> <!-- apr03.FrstTestNGclass -->
